<?xml version="1.0" encoding="UTF-8"?>
<!-- Generated by org.testng.reporters.JUnitReportReporter -->
<testsuite hostname="Nadsoft" failures="0" tests="1" name="ConvertCurrancy" time="11.558" errors="0" timestamp="2023-06-15T10:04:33 EET" skipped="0">
  <testcase classname="ConvertCurrancy" name="convert_dollar_to_rupees" time="11.558"/>
  <system-out/>
</testsuite> <!-- ConvertCurrancy -->
