<?xml version="1.0" encoding="UTF-8"?>
<!-- Generated by org.testng.reporters.JUnitReportReporter -->
<testsuite hostname="Nadsoft" failures="0" tests="5" name="XYZBank" time="24.823" errors="0" timestamp="2023-06-15T10:38:53 EET" skipped="0">
  <testcase classname="XYZBank" name="add_customer" time="6.935"/>
  <system-out/>
  <testcase classname="XYZBank" name="add_currency_for_user" time="1.063"/>
  <system-out/>
  <testcase classname="XYZBank" name="deposit_money" time="4.537"/>
  <system-out/>
  <testcase classname="XYZBank" name="withdraw_money" time="0.806"/>
  <system-out/>
  <testcase classname="XYZBank" name="convert_dollar_to_rupees" time="11.482"/>
  <system-out/>
</testsuite> <!-- XYZBank -->
