<?xml version="1.0" encoding="UTF-8"?>
<!-- Generated by org.testng.reporters.JUnitReportReporter -->
<testsuite hostname="Nadsoft" failures="0" tests="3" name="LoginPage" time="9.130" errors="0" timestamp="2023-06-13T15:25:51 EET" skipped="0">
  <testcase classname="LoginPage" name="add_customer" time="7.146"/>
  <system-out/>
  <testcase classname="LoginPage" name="add_currency_for_user" time="0.981"/>
  <system-out/>
  <testcase classname="LoginPage" name="deposit_money" time="1.003"/>
  <system-out/>
</testsuite> <!-- LoginPage -->
